2024/04/02 15:09:09 [notice] 1#1: using the "epoll" event method
2024/04/02 15:09:09 [notice] 1#1: nginx/1.25.4
2024/04/02 15:09:09 [notice] 1#1: built by gcc 12.2.1 20220924 (Alpine 12.2.1_git20220924-r10) 
2024/04/02 15:09:09 [notice] 1#1: OS: Linux 6.4.16-linuxkit
2024/04/02 15:09:09 [notice] 1#1: getrlimit(RLIMIT_NOFILE): 1048576:1048576
2024/04/02 15:09:09 [notice] 1#1: start worker processes
2024/04/02 15:09:09 [notice] 1#1: start worker process 28
2024/04/02 15:09:09 [notice] 1#1: start worker process 29
2024/04/02 15:09:09 [notice] 1#1: start worker process 30
2024/04/02 15:09:09 [notice] 1#1: start worker process 31
2024/04/02 15:09:09 [notice] 1#1: start worker process 32
2024/04/02 15:09:09 [notice] 1#1: start worker process 33
2024/04/02 15:09:09 [notice] 1#1: start worker process 34
2024/04/02 15:09:09 [notice] 1#1: start worker process 35
2024/04/02 15:09:12 [error] 29#29: *2 directory index of "/var/www/html/" is forbidden, client: 192.168.65.1, server: , request: "GET / HTTP/1.1", host: "localhost:8080"
2024/04/02 15:09:13 [error] 29#29: *2 directory index of "/var/www/html/" is forbidden, client: 192.168.65.1, server: , request: "GET / HTTP/1.1", host: "localhost:8080"
2024/04/02 15:09:13 [error] 29#29: *2 directory index of "/var/www/html/" is forbidden, client: 192.168.65.1, server: , request: "GET / HTTP/1.1", host: "localhost:8080"
2024/04/02 15:09:14 [error] 29#29: *2 directory index of "/var/www/html/" is forbidden, client: 192.168.65.1, server: , request: "GET / HTTP/1.1", host: "localhost:8080"
2024/04/02 15:09:14 [error] 29#29: *2 directory index of "/var/www/html/" is forbidden, client: 192.168.65.1, server: , request: "GET / HTTP/1.1", host: "localhost:8080"
2024/04/02 15:09:14 [error] 29#29: *2 directory index of "/var/www/html/" is forbidden, client: 192.168.65.1, server: , request: "GET / HTTP/1.1", host: "localhost:8080"
2024/04/02 15:09:14 [error] 29#29: *2 directory index of "/var/www/html/" is forbidden, client: 192.168.65.1, server: , request: "GET / HTTP/1.1", host: "localhost:8080"
2024/04/02 15:09:14 [error] 29#29: *2 directory index of "/var/www/html/" is forbidden, client: 192.168.65.1, server: , request: "GET / HTTP/1.1", host: "localhost:8080"
2024/04/02 15:09:14 [error] 29#29: *2 directory index of "/var/www/html/" is forbidden, client: 192.168.65.1, server: , request: "GET / HTTP/1.1", host: "localhost:8080"
2024/04/02 15:09:15 [error] 29#29: *2 directory index of "/var/www/html/" is forbidden, client: 192.168.65.1, server: , request: "GET / HTTP/1.1", host: "localhost:8080"
2024/04/02 15:09:15 [notice] 1#1: signal 3 (SIGQUIT) received, shutting down
2024/04/02 15:09:15 [notice] 28#28: gracefully shutting down
2024/04/02 15:09:15 [notice] 35#35: gracefully shutting down
2024/04/02 15:09:15 [notice] 35#35: exiting
2024/04/02 15:09:15 [notice] 30#30: gracefully shutting down
2024/04/02 15:09:15 [notice] 30#30: exiting
2024/04/02 15:09:15 [notice] 32#32: gracefully shutting down
2024/04/02 15:09:15 [notice] 32#32: exiting
2024/04/02 15:09:15 [notice] 33#33: gracefully shutting down
2024/04/02 15:09:15 [notice] 33#33: exiting
2024/04/02 15:09:15 [notice] 34#34: gracefully shutting down
2024/04/02 15:09:15 [notice] 34#34: exiting
2024/04/02 15:09:15 [notice] 29#29: gracefully shutting down
2024/04/02 15:09:15 [notice] 31#31: gracefully shutting down
2024/04/02 15:09:15 [notice] 31#31: exiting
2024/04/02 15:09:15 [notice] 35#35: exit
2024/04/02 15:09:15 [notice] 30#30: exit
2024/04/02 15:09:15 [notice] 32#32: exit
2024/04/02 15:09:15 [notice] 33#33: exit
2024/04/02 15:09:15 [notice] 34#34: exit
2024/04/02 15:09:15 [notice] 29#29: exiting
2024/04/02 15:09:15 [notice] 31#31: exit
2024/04/02 15:09:15 [notice] 29#29: exit
2024/04/02 15:09:16 [notice] 1#1: signal 17 (SIGCHLD) received from 35
2024/04/02 15:09:16 [notice] 1#1: worker process 30 exited with code 0
2024/04/02 15:09:16 [notice] 1#1: worker process 35 exited with code 0
2024/04/02 15:09:16 [notice] 1#1: signal 29 (SIGIO) received
2024/04/02 15:09:16 [notice] 1#1: signal 17 (SIGCHLD) received from 30
2024/04/02 15:09:16 [notice] 1#1: worker process 32 exited with code 0
2024/04/02 15:09:16 [notice] 1#1: signal 29 (SIGIO) received
2024/04/02 15:09:16 [notice] 1#1: signal 17 (SIGCHLD) received from 32
2024/04/02 15:09:16 [notice] 1#1: signal 17 (SIGCHLD) received from 29
2024/04/02 15:09:16 [notice] 1#1: worker process 29 exited with code 0
2024/04/02 15:09:16 [notice] 1#1: signal 29 (SIGIO) received
2024/04/02 15:09:16 [notice] 1#1: signal 17 (SIGCHLD) received from 31
2024/04/02 15:09:16 [notice] 1#1: worker process 31 exited with code 0
2024/04/02 15:09:16 [notice] 1#1: worker process 33 exited with code 0
2024/04/02 15:09:16 [notice] 1#1: worker process 34 exited with code 0
2024/04/02 15:09:16 [notice] 1#1: signal 29 (SIGIO) received
2024/04/02 15:09:16 [notice] 1#1: signal 17 (SIGCHLD) received from 33
2024/04/02 15:09:33 [notice] 1#1: using the "epoll" event method
2024/04/02 15:09:33 [notice] 1#1: nginx/1.25.4
2024/04/02 15:09:33 [notice] 1#1: built by gcc 12.2.1 20220924 (Alpine 12.2.1_git20220924-r10) 
2024/04/02 15:09:33 [notice] 1#1: OS: Linux 6.4.16-linuxkit
2024/04/02 15:09:33 [notice] 1#1: getrlimit(RLIMIT_NOFILE): 1048576:1048576
2024/04/02 15:09:33 [notice] 1#1: start worker processes
2024/04/02 15:09:33 [notice] 1#1: start worker process 28
2024/04/02 15:09:33 [notice] 1#1: start worker process 29
2024/04/02 15:09:33 [notice] 1#1: start worker process 30
2024/04/02 15:09:33 [notice] 1#1: start worker process 31
2024/04/02 15:09:33 [notice] 1#1: start worker process 32
2024/04/02 15:09:33 [notice] 1#1: start worker process 33
2024/04/02 15:09:33 [notice] 1#1: start worker process 34
2024/04/02 15:09:33 [notice] 1#1: start worker process 35
2024/04/02 15:09:36 [error] 28#28: *2 directory index of "/var/www/html/" is forbidden, client: 192.168.65.1, server: , request: "GET / HTTP/1.1", host: "localhost:8080"
2024/04/02 15:09:36 [error] 28#28: *2 directory index of "/var/www/html/" is forbidden, client: 192.168.65.1, server: , request: "GET / HTTP/1.1", host: "localhost:8080"
2024/04/02 15:09:36 [error] 28#28: *2 directory index of "/var/www/html/" is forbidden, client: 192.168.65.1, server: , request: "GET / HTTP/1.1", host: "localhost:8080"
2024/04/02 15:09:36 [error] 28#28: *2 directory index of "/var/www/html/" is forbidden, client: 192.168.65.1, server: , request: "GET / HTTP/1.1", host: "localhost:8080"
2024/04/02 15:09:37 [error] 28#28: *2 directory index of "/var/www/html/" is forbidden, client: 192.168.65.1, server: , request: "GET / HTTP/1.1", host: "localhost:8080"
2024/04/02 15:09:37 [error] 28#28: *2 directory index of "/var/www/html/" is forbidden, client: 192.168.65.1, server: , request: "GET / HTTP/1.1", host: "localhost:8080"
2024/04/02 15:09:37 [error] 28#28: *2 directory index of "/var/www/html/" is forbidden, client: 192.168.65.1, server: , request: "GET / HTTP/1.1", host: "localhost:8080"
2024/04/02 15:09:37 [error] 28#28: *2 directory index of "/var/www/html/" is forbidden, client: 192.168.65.1, server: , request: "GET / HTTP/1.1", host: "localhost:8080"
2024/04/02 15:09:37 [error] 28#28: *2 directory index of "/var/www/html/" is forbidden, client: 192.168.65.1, server: , request: "GET / HTTP/1.1", host: "localhost:8080"
2024/04/02 15:09:38 [error] 28#28: *2 directory index of "/var/www/html/" is forbidden, client: 192.168.65.1, server: , request: "GET / HTTP/1.1", host: "localhost:8080"
2024/04/02 15:09:38 [error] 28#28: *2 directory index of "/var/www/html/" is forbidden, client: 192.168.65.1, server: , request: "GET / HTTP/1.1", host: "localhost:8080"
2024/04/02 15:09:38 [error] 28#28: *2 directory index of "/var/www/html/" is forbidden, client: 192.168.65.1, server: , request: "GET / HTTP/1.1", host: "localhost:8080"
2024/04/02 15:09:38 [error] 28#28: *2 directory index of "/var/www/html/" is forbidden, client: 192.168.65.1, server: , request: "GET / HTTP/1.1", host: "localhost:8080"
2024/04/02 15:09:38 [error] 28#28: *2 directory index of "/var/www/html/" is forbidden, client: 192.168.65.1, server: , request: "GET / HTTP/1.1", host: "localhost:8080"
2024/04/02 15:10:16 [notice] 1#1: signal 3 (SIGQUIT) received, shutting down
2024/04/02 15:10:16 [notice] 29#29: gracefully shutting down
2024/04/02 15:10:16 [notice] 28#28: gracefully shutting down
2024/04/02 15:10:16 [notice] 28#28: exiting
2024/04/02 15:10:16 [notice] 33#33: gracefully shutting down
2024/04/02 15:10:16 [notice] 28#28: exit
2024/04/02 15:10:16 [notice] 34#34: gracefully shutting down
2024/04/02 15:10:16 [notice] 31#31: gracefully shutting down
2024/04/02 15:10:16 [notice] 35#35: gracefully shutting down
2024/04/02 15:10:16 [notice] 35#35: exiting
2024/04/02 15:10:16 [notice] 32#32: gracefully shutting down
2024/04/02 15:10:16 [notice] 32#32: exiting
2024/04/02 15:10:16 [notice] 30#30: gracefully shutting down
2024/04/02 15:10:16 [notice] 33#33: exiting
2024/04/02 15:10:16 [notice] 34#34: exiting
2024/04/02 15:10:16 [notice] 31#31: exiting
2024/04/02 15:10:16 [notice] 35#35: exit
2024/04/02 15:10:16 [notice] 32#32: exit
2024/04/02 15:10:16 [notice] 30#30: exiting
2024/04/02 15:10:16 [notice] 33#33: exit
2024/04/02 15:10:16 [notice] 34#34: exit
2024/04/02 15:10:16 [notice] 31#31: exit
2024/04/02 15:10:16 [notice] 30#30: exit
2024/04/02 15:10:16 [notice] 1#1: signal 17 (SIGCHLD) received from 31
2024/04/02 15:10:16 [notice] 1#1: worker process 28 exited with code 0
2024/04/02 15:10:16 [notice] 1#1: worker process 31 exited with code 0
2024/04/02 15:10:16 [notice] 1#1: signal 29 (SIGIO) received
2024/04/02 15:10:16 [notice] 1#1: signal 17 (SIGCHLD) received from 28
2024/04/02 15:10:16 [notice] 1#1: signal 17 (SIGCHLD) received from 33
2024/04/02 15:10:16 [notice] 1#1: worker process 30 exited with code 0
2024/04/02 15:10:16 [notice] 1#1: worker process 32 exited with code 0
2024/04/02 15:10:16 [notice] 1#1: worker process 33 exited with code 0
2024/04/02 15:10:16 [notice] 1#1: worker process 35 exited with code 0
2024/04/02 15:10:16 [notice] 1#1: signal 29 (SIGIO) received
2024/04/02 15:10:16 [notice] 1#1: signal 17 (SIGCHLD) received from 34
2024/04/02 15:10:16 [notice] 1#1: worker process 34 exited with code 0
2024/04/02 15:10:16 [notice] 1#1: signal 29 (SIGIO) received
2024/04/02 15:10:36 [notice] 1#1: using the "epoll" event method
2024/04/02 15:10:36 [notice] 1#1: nginx/1.25.4
2024/04/02 15:10:36 [notice] 1#1: built by gcc 12.2.1 20220924 (Alpine 12.2.1_git20220924-r10) 
2024/04/02 15:10:36 [notice] 1#1: OS: Linux 6.4.16-linuxkit
2024/04/02 15:10:36 [notice] 1#1: getrlimit(RLIMIT_NOFILE): 1048576:1048576
2024/04/02 15:10:36 [notice] 1#1: start worker processes
2024/04/02 15:10:36 [notice] 1#1: start worker process 29
2024/04/02 15:10:36 [notice] 1#1: start worker process 30
2024/04/02 15:10:36 [notice] 1#1: start worker process 31
2024/04/02 15:10:36 [notice] 1#1: start worker process 32
2024/04/02 15:10:36 [notice] 1#1: start worker process 33
2024/04/02 15:10:36 [notice] 1#1: start worker process 34
2024/04/02 15:10:36 [notice] 1#1: start worker process 35
2024/04/02 15:10:36 [notice] 1#1: start worker process 36
2024/04/02 15:10:41 [error] 30#30: *1 directory index of "/var/www/html/" is forbidden, client: 192.168.65.1, server: , request: "GET / HTTP/1.1", host: "localhost:8080"
2024/04/02 15:10:41 [error] 30#30: *1 directory index of "/var/www/html/" is forbidden, client: 192.168.65.1, server: , request: "GET / HTTP/1.1", host: "localhost:8080"
2024/04/02 15:10:41 [error] 30#30: *1 directory index of "/var/www/html/" is forbidden, client: 192.168.65.1, server: , request: "GET / HTTP/1.1", host: "localhost:8080"
2024/04/02 15:10:41 [error] 30#30: *1 directory index of "/var/www/html/" is forbidden, client: 192.168.65.1, server: , request: "GET / HTTP/1.1", host: "localhost:8080"
2024/04/02 15:10:42 [error] 30#30: *1 directory index of "/var/www/html/" is forbidden, client: 192.168.65.1, server: , request: "GET / HTTP/1.1", host: "localhost:8080"
2024/04/02 15:10:42 [error] 30#30: *1 directory index of "/var/www/html/" is forbidden, client: 192.168.65.1, server: , request: "GET / HTTP/1.1", host: "localhost:8080"
2024/04/02 15:10:42 [error] 30#30: *1 directory index of "/var/www/html/" is forbidden, client: 192.168.65.1, server: , request: "GET / HTTP/1.1", host: "localhost:8080"
2024/04/02 15:10:42 [error] 30#30: *1 directory index of "/var/www/html/" is forbidden, client: 192.168.65.1, server: , request: "GET / HTTP/1.1", host: "localhost:8080"
2024/04/02 15:10:42 [error] 30#30: *1 directory index of "/var/www/html/" is forbidden, client: 192.168.65.1, server: , request: "GET / HTTP/1.1", host: "localhost:8080"
2024/04/02 15:10:45 [notice] 1#1: signal 3 (SIGQUIT) received, shutting down
2024/04/02 15:10:45 [notice] 34#34: gracefully shutting down
2024/04/02 15:10:45 [notice] 34#34: exiting
2024/04/02 15:10:45 [notice] 33#33: gracefully shutting down
2024/04/02 15:10:45 [notice] 35#35: gracefully shutting down
2024/04/02 15:10:45 [notice] 35#35: exiting
2024/04/02 15:10:45 [notice] 31#31: gracefully shutting down
2024/04/02 15:10:45 [notice] 36#36: gracefully shutting down
2024/04/02 15:10:45 [notice] 30#30: gracefully shutting down
2024/04/02 15:10:45 [notice] 29#29: gracefully shutting down
2024/04/02 15:10:45 [notice] 32#32: gracefully shutting down
2024/04/02 15:10:45 [notice] 34#34: exit
2024/04/02 15:10:45 [notice] 33#33: exiting
2024/04/02 15:10:45 [notice] 35#35: exit
2024/04/02 15:10:45 [notice] 31#31: exiting
2024/04/02 15:10:45 [notice] 36#36: exiting
2024/04/02 15:10:45 [notice] 30#30: exiting
2024/04/02 15:10:45 [notice] 32#32: exiting
2024/04/02 15:10:45 [notice] 33#33: exit
2024/04/02 15:10:45 [notice] 31#31: exit
2024/04/02 15:10:45 [notice] 36#36: exit
2024/04/02 15:10:45 [notice] 30#30: exit
2024/04/02 15:10:45 [notice] 32#32: exit
2024/04/02 15:10:45 [notice] 1#1: signal 17 (SIGCHLD) received from 34
2024/04/02 15:10:45 [notice] 1#1: worker process 34 exited with code 0
2024/04/02 15:10:45 [notice] 1#1: worker process 35 exited with code 0
2024/04/02 15:10:45 [notice] 1#1: signal 29 (SIGIO) received
2024/04/02 15:10:45 [notice] 1#1: signal 17 (SIGCHLD) received from 35
2024/04/02 15:10:45 [notice] 1#1: signal 17 (SIGCHLD) received from 36
2024/04/02 15:10:45 [notice] 1#1: worker process 32 exited with code 0
2024/04/02 15:10:45 [notice] 1#1: worker process 33 exited with code 0
2024/04/02 15:10:45 [notice] 1#1: worker process 36 exited with code 0
2024/04/02 15:10:45 [notice] 1#1: signal 29 (SIGIO) received
2024/04/02 15:10:45 [notice] 1#1: signal 17 (SIGCHLD) received from 33
2024/04/02 15:10:45 [notice] 1#1: signal 17 (SIGCHLD) received from 30
2024/04/02 15:10:45 [notice] 1#1: worker process 30 exited with code 0
2024/04/02 15:10:45 [notice] 1#1: worker process 31 exited with code 0
2024/04/02 15:10:45 [notice] 1#1: signal 29 (SIGIO) received
2024/04/02 15:10:45 [notice] 1#1: signal 17 (SIGCHLD) received from 31
2024/04/02 15:11:04 [notice] 1#1: using the "epoll" event method
2024/04/02 15:11:04 [notice] 1#1: nginx/1.25.4
2024/04/02 15:11:04 [notice] 1#1: built by gcc 12.2.1 20220924 (Alpine 12.2.1_git20220924-r10) 
2024/04/02 15:11:04 [notice] 1#1: OS: Linux 6.4.16-linuxkit
2024/04/02 15:11:04 [notice] 1#1: getrlimit(RLIMIT_NOFILE): 1048576:1048576
2024/04/02 15:11:04 [notice] 1#1: start worker processes
2024/04/02 15:11:04 [notice] 1#1: start worker process 29
2024/04/02 15:11:04 [notice] 1#1: start worker process 30
2024/04/02 15:11:04 [notice] 1#1: start worker process 31
2024/04/02 15:11:04 [notice] 1#1: start worker process 32
2024/04/02 15:11:04 [notice] 1#1: start worker process 33
2024/04/02 15:11:04 [notice] 1#1: start worker process 34
2024/04/02 15:11:04 [notice] 1#1: start worker process 35
2024/04/02 15:11:04 [notice] 1#1: start worker process 36
2024/04/02 15:12:23 [error] 29#29: *1 open() "/var/www/html/public/crm/sment" failed (2: No such file or directory), client: 192.168.65.1, server: , request: "GET /crm/sment HTTP/1.1", host: "localhost:8080"
2024/04/02 15:12:25 [error] 29#29: *1 open() "/var/www/html/public/crm/sment" failed (2: No such file or directory), client: 192.168.65.1, server: , request: "GET /crm/sment HTTP/1.1", host: "localhost:8080"
2024/04/02 15:12:34 [error] 29#29: *1 open() "/var/www/html/public/crm" failed (2: No such file or directory), client: 192.168.65.1, server: , request: "GET /crm HTTP/1.1", host: "localhost:8080"
2024/04/02 15:12:42 [error] 29#29: *1 open() "/var/www/html/public/crm/sment" failed (2: No such file or directory), client: 192.168.65.1, server: , request: "GET /crm/sment HTTP/1.1", host: "localhost:8080"
2024/04/02 15:15:58 [notice] 1#1: signal 3 (SIGQUIT) received, shutting down
2024/04/02 15:15:58 [notice] 31#31: gracefully shutting down
2024/04/02 15:15:58 [notice] 31#31: exiting
2024/04/02 15:15:58 [notice] 29#29: gracefully shutting down
2024/04/02 15:15:58 [notice] 29#29: exiting
2024/04/02 15:15:58 [notice] 32#32: gracefully shutting down
2024/04/02 15:15:58 [notice] 33#33: gracefully shutting down
2024/04/02 15:15:58 [notice] 36#36: gracefully shutting down
2024/04/02 15:15:58 [notice] 30#30: gracefully shutting down
2024/04/02 15:15:58 [notice] 34#34: gracefully shutting down
2024/04/02 15:15:58 [notice] 35#35: gracefully shutting down
2024/04/02 15:15:58 [notice] 31#31: exit
2024/04/02 15:15:58 [notice] 29#29: exit
2024/04/02 15:15:58 [notice] 32#32: exiting
2024/04/02 15:15:58 [notice] 33#33: exiting
2024/04/02 15:15:58 [notice] 36#36: exiting
2024/04/02 15:15:58 [notice] 30#30: exiting
2024/04/02 15:15:58 [notice] 34#34: exiting
2024/04/02 15:15:58 [notice] 35#35: exiting
2024/04/02 15:15:58 [notice] 32#32: exit
2024/04/02 15:15:58 [notice] 33#33: exit
2024/04/02 15:15:58 [notice] 36#36: exit
2024/04/02 15:15:58 [notice] 30#30: exit
2024/04/02 15:15:58 [notice] 34#34: exit
2024/04/02 15:15:58 [notice] 35#35: exit
2024/04/02 15:15:58 [notice] 1#1: signal 17 (SIGCHLD) received from 29
2024/04/02 15:15:58 [notice] 1#1: worker process 29 exited with code 0
2024/04/02 15:15:58 [notice] 1#1: worker process 31 exited with code 0
2024/04/02 15:15:58 [notice] 1#1: signal 29 (SIGIO) received
2024/04/02 15:15:58 [notice] 1#1: signal 17 (SIGCHLD) received from 31
2024/04/02 15:15:58 [notice] 1#1: signal 17 (SIGCHLD) received from 36
2024/04/02 15:15:58 [notice] 1#1: worker process 30 exited with code 0
2024/04/02 15:15:58 [notice] 1#1: worker process 32 exited with code 0
2024/04/02 15:15:58 [notice] 1#1: worker process 33 exited with code 0
2024/04/02 15:15:58 [notice] 1#1: worker process 36 exited with code 0
2024/04/02 15:15:58 [notice] 1#1: signal 29 (SIGIO) received
2024/04/02 15:15:58 [notice] 1#1: signal 17 (SIGCHLD) received from 33
2024/04/02 15:15:58 [notice] 1#1: signal 17 (SIGCHLD) received from 34
2024/04/02 15:15:58 [notice] 1#1: worker process 34 exited with code 0
2024/04/02 15:15:58 [notice] 1#1: signal 29 (SIGIO) received
2024/04/02 15:15:58 [notice] 1#1: signal 17 (SIGCHLD) received from 35
2024/04/02 15:15:58 [notice] 1#1: worker process 35 exited with code 0
2024/04/02 15:15:58 [notice] 1#1: exit
2024/04/02 15:16:03 [notice] 1#1: using the "epoll" event method
2024/04/02 15:16:03 [notice] 1#1: nginx/1.25.4
2024/04/02 15:16:03 [notice] 1#1: built by gcc 12.2.1 20220924 (Alpine 12.2.1_git20220924-r10) 
2024/04/02 15:16:03 [notice] 1#1: OS: Linux 6.4.16-linuxkit
2024/04/02 15:16:03 [notice] 1#1: getrlimit(RLIMIT_NOFILE): 1048576:1048576
2024/04/02 15:16:03 [notice] 1#1: start worker processes
2024/04/02 15:16:03 [notice] 1#1: start worker process 29
2024/04/02 15:16:03 [notice] 1#1: start worker process 30
2024/04/02 15:16:03 [notice] 1#1: start worker process 31
2024/04/02 15:16:03 [notice] 1#1: start worker process 32
2024/04/02 15:16:03 [notice] 1#1: start worker process 33
2024/04/02 15:16:03 [notice] 1#1: start worker process 34
2024/04/02 15:16:03 [notice] 1#1: start worker process 35
2024/04/02 15:16:03 [notice] 1#1: start worker process 36
2024/04/02 15:24:08 [notice] 1#1: signal 3 (SIGQUIT) received, shutting down
2024/04/02 15:24:08 [notice] 29#29: gracefully shutting down
2024/04/02 15:24:08 [notice] 29#29: exiting
2024/04/02 15:24:08 [notice] 31#31: gracefully shutting down
2024/04/02 15:24:08 [notice] 31#31: exiting
2024/04/02 15:24:08 [notice] 34#34: gracefully shutting down
2024/04/02 15:24:08 [notice] 32#32: gracefully shutting down
2024/04/02 15:24:08 [notice] 30#30: gracefully shutting down
2024/04/02 15:24:08 [notice] 35#35: gracefully shutting down
2024/04/02 15:24:08 [notice] 36#36: gracefully shutting down
2024/04/02 15:24:08 [notice] 33#33: gracefully shutting down
2024/04/02 15:24:08 [notice] 29#29: exit
2024/04/02 15:24:08 [notice] 31#31: exit
2024/04/02 15:24:08 [notice] 34#34: exiting
2024/04/02 15:24:08 [notice] 32#32: exiting
2024/04/02 15:24:08 [notice] 30#30: exiting
2024/04/02 15:24:08 [notice] 35#35: exiting
2024/04/02 15:24:08 [notice] 36#36: exiting
2024/04/02 15:24:08 [notice] 33#33: exiting
2024/04/02 15:24:08 [notice] 34#34: exit
2024/04/02 15:24:08 [notice] 32#32: exit
2024/04/02 15:24:08 [notice] 30#30: exit
2024/04/02 15:24:08 [notice] 35#35: exit
2024/04/02 15:24:08 [notice] 36#36: exit
2024/04/02 15:24:08 [notice] 33#33: exit
2024/04/02 15:24:08 [notice] 1#1: signal 17 (SIGCHLD) received from 31
2024/04/02 15:24:08 [notice] 1#1: worker process 31 exited with code 0
2024/04/02 15:24:08 [notice] 1#1: signal 29 (SIGIO) received
2024/04/02 15:24:08 [notice] 1#1: signal 17 (SIGCHLD) received from 32
2024/04/02 15:24:08 [notice] 1#1: worker process 30 exited with code 0
2024/04/02 15:24:08 [notice] 1#1: worker process 29 exited with code 0
2024/04/02 15:24:08 [notice] 1#1: worker process 32 exited with code 0
2024/04/02 15:24:08 [notice] 1#1: worker process 34 exited with code 0
2024/04/02 15:24:08 [notice] 1#1: signal 29 (SIGIO) received
2024/04/02 15:24:08 [notice] 1#1: signal 17 (SIGCHLD) received from 30
2024/04/02 15:24:08 [notice] 1#1: signal 17 (SIGCHLD) received from 33
2024/04/02 15:24:08 [notice] 1#1: worker process 33 exited with code 0
2024/04/02 15:24:08 [notice] 1#1: worker process 35 exited with code 0
2024/04/02 15:24:08 [notice] 1#1: worker process 36 exited with code 0
2024/04/02 15:24:08 [notice] 1#1: exit
